{
  "0 debug pnpm:scope": {
    "selected": 1
  },
  "1 debug pnpm:package-manifest": {
    "initial": {
      "name": "taskr",
      "version": "0.0.1",
      "private": true,
      "scripts": {
        "android": "react-native run-android",
        "ios": "react-native run-ios",
        "start": "react-native start",
        "test": "jest",
        "lint": "eslint ."
      },
      "dependencies": {
        "@types/jest": "^27.4.1",
        "@types/react": "^18.0.6",
        "@types/react-native": "^0.67.5",
        "@types/react-test-renderer": "^18.0.0",
        "react": "17.0.2",
        "react-native": "0.68.1",
        "typescript": "^4.6.3"
      },
      "devDependencies": {
        "@babel/core": "^7.12.9",
        "@babel/runtime": "^7.12.5",
        "@react-native-community/eslint-config": "^2.0.0",
        "babel-jest": "^26.6.3",
        "eslint": "^7.32.0",
        "jest": "^26.6.3",
        "metro-react-native-babel-preset": "^0.67.0",
        "react-test-renderer": "17.0.2"
      },
      "jest": {
        "preset": "react-native"
      }
    },
    "prefix": "/home/udit/CodingProjects/taskr"
  },
  "2 debug pnpm:context": {
    "currentLockfileExists": true,
    "storeDir": "/home/udit/.pnpm-store/v3",
    "virtualStoreDir": "/home/udit/CodingProjects/taskr/node_modules/.pnpm"
  },
  "3 debug pnpm:stage": {
    "prefix": "/home/udit/CodingProjects/taskr",
    "stage": "resolution_started"
  },
  "4 debug pnpm:_dependency_resolved": {
    "resolution": "registry.npmjs.org/@babel/core/7.17.9",
    "wanted": {
      "dependentId": ".",
      "name": "@babel/core",
      "rawSpec": "^7.12.9"
    }
  },
  "5 debug pnpm:_dependency_resolved": {
    "resolution": "registry.npmjs.org/@babel/runtime/7.17.9",
    "wanted": {
      "dependentId": ".",
      "name": "@babel/runtime",
      "rawSpec": "^7.12.5"
    }
  },
  "6 debug pnpm:_dependency_resolved": {
    "resolution": "registry.npmjs.org/@react-native-community/eslint-config/2.0.0",
    "wanted": {
      "dependentId": ".",
      "name": "@react-native-community/eslint-config",
      "rawSpec": "^2.0.0"
    }
  },
  "7 debug pnpm:_dependency_resolved": {
    "resolution": "registry.npmjs.org/babel-jest/26.6.3",
    "wanted": {
      "dependentId": ".",
      "name": "babel-jest",
      "rawSpec": "^26.6.3"
    }
  },
  "8 debug pnpm:_dependency_resolved": {
    "resolution": "registry.npmjs.org/eslint/7.32.0",
    "wanted": {
      "dependentId": ".",
      "name": "eslint",
      "rawSpec": "^7.32.0"
    }
  },
  "9 debug pnpm:_dependency_resolved": {
    "resolution": "registry.npmjs.org/jest/26.6.3",
    "wanted": {
      "dependentId": ".",
      "name": "jest",
      "rawSpec": "^26.6.3"
    }
  },
  "10 debug pnpm:_dependency_resolved": {
    "resolution": "registry.npmjs.org/metro-react-native-babel-preset/0.67.0",
    "wanted": {
      "dependentId": ".",
      "name": "metro-react-native-babel-preset",
      "rawSpec": "^0.67.0"
    }
  },
  "11 debug pnpm:_dependency_resolved": {
    "resolution": "registry.npmjs.org/react-test-renderer/17.0.2",
    "wanted": {
      "dependentId": ".",
      "name": "react-test-renderer",
      "rawSpec": "17.0.2"
    }
  },
  "12 debug pnpm:_dependency_resolved": {
    "resolution": "registry.npmjs.org/@types/jest/27.4.1",
    "wanted": {
      "dependentId": ".",
      "name": "@types/jest",
      "rawSpec": "^27.4.1"
    }
  },
  "13 debug pnpm:_dependency_resolved": {
    "resolution": "registry.npmjs.org/@types/react/18.0.6",
    "wanted": {
      "dependentId": ".",
      "name": "@types/react",
      "rawSpec": "^18.0.6"
    }
  },
  "14 debug pnpm:_dependency_resolved": {
    "resolution": "registry.npmjs.org/@types/react-native/0.67.5",
    "wanted": {
      "dependentId": ".",
      "name": "@types/react-native",
      "rawSpec": "^0.67.5"
    }
  },
  "15 debug pnpm:_dependency_resolved": {
    "resolution": "registry.npmjs.org/@types/react-test-renderer/18.0.0",
    "wanted": {
      "dependentId": ".",
      "name": "@types/react-test-renderer",
      "rawSpec": "^18.0.0"
    }
  },
  "16 debug pnpm:_dependency_resolved": {
    "resolution": "registry.npmjs.org/react/17.0.2",
    "wanted": {
      "dependentId": ".",
      "name": "react",
      "rawSpec": "17.0.2"
    }
  },
  "17 debug pnpm:_dependency_resolved": {
    "resolution": "registry.npmjs.org/react-native/0.68.1",
    "wanted": {
      "dependentId": ".",
      "name": "react-native",
      "rawSpec": "0.68.1"
    }
  },
  "18 debug pnpm:_dependency_resolved": {
    "resolution": "registry.npmjs.org/typescript/4.6.3",
    "wanted": {
      "dependentId": ".",
      "name": "typescript",
      "rawSpec": "^4.6.3"
    }
  },
  "19 debug pnpm:progress": {
    "packageId": "registry.npmjs.org/@babel/core/7.17.9",
    "requester": "/home/udit/CodingProjects/taskr",
    "status": "found_in_store"
  },
  "20 debug pnpm:progress": {
    "packageId": "registry.npmjs.org/@babel/core/7.17.9",
    "requester": "/home/udit/CodingProjects/taskr",
    "status": "resolved"
  },
  "21 debug pnpm:progress": {
    "packageId": "registry.npmjs.org/@babel/runtime/7.17.9",
    "requester": "/home/udit/CodingProjects/taskr",
    "status": "found_in_store"
  },
  "22 debug pnpm:progress": {
    "packageId": "registry.npmjs.org/@babel/runtime/7.17.9",
    "requester": "/home/udit/CodingProjects/taskr",
    "status": "resolved"
  },
  "23 debug pnpm:progress": {
    "packageId": "registry.npmjs.org/@react-native-community/eslint-config/2.0.0",
    "requester": "/home/udit/CodingProjects/taskr",
    "status": "found_in_store"
  },
  "24 debug pnpm:progress": {
    "packageId": "registry.npmjs.org/@react-native-community/eslint-config/2.0.0",
    "requester": "/home/udit/CodingProjects/taskr",
    "status": "resolved"
  },
  "25 debug pnpm:progress": {
    "packageId": "registry.npmjs.org/babel-jest/26.6.3",
    "requester": "/home/udit/CodingProjects/taskr",
    "status": "found_in_store"
  },
  "26 debug pnpm:progress": {
    "packageId": "registry.npmjs.org/babel-jest/26.6.3",
    "requester": "/home/udit/CodingProjects/taskr",
    "status": "resolved"
  },
  "27 debug pnpm:progress": {
    "packageId": "registry.npmjs.org/eslint/7.32.0",
    "requester": "/home/udit/CodingProjects/taskr",
    "status": "found_in_store"
  },
  "28 debug pnpm:progress": {
    "packageId": "registry.npmjs.org/eslint/7.32.0",
    "requester": "/home/udit/CodingProjects/taskr",
    "status": "resolved"
  },
  "29 debug pnpm:progress": {
    "packageId": "registry.npmjs.org/jest/26.6.3",
    "requester": "/home/udit/CodingProjects/taskr",
    "status": "found_in_store"
  },
  "30 debug pnpm:progress": {
    "packageId": "registry.npmjs.org/jest/26.6.3",
    "requester": "/home/udit/CodingProjects/taskr",
    "status": "resolved"
  },
  "31 debug pnpm:progress": {
    "packageId": "registry.npmjs.org/metro-react-native-babel-preset/0.67.0",
    "requester": "/home/udit/CodingProjects/taskr",
    "status": "found_in_store"
  },
  "32 debug pnpm:progress": {
    "packageId": "registry.npmjs.org/metro-react-native-babel-preset/0.67.0",
    "requester": "/home/udit/CodingProjects/taskr",
    "status": "resolved"
  },
  "33 debug pnpm:progress": {
    "packageId": "registry.npmjs.org/react-test-renderer/17.0.2",
    "requester": "/home/udit/CodingProjects/taskr",
    "status": "found_in_store"
  },
  "34 debug pnpm:progress": {
    "packageId": "registry.npmjs.org/react-test-renderer/17.0.2",
    "requester": "/home/udit/CodingProjects/taskr",
    "status": "resolved"
  },
  "35 debug pnpm:progress": {
    "packageId": "registry.npmjs.org/@types/jest/27.4.1",
    "requester": "/home/udit/CodingProjects/taskr",
    "status": "found_in_store"
  },
  "36 debug pnpm:progress": {
    "packageId": "registry.npmjs.org/@types/jest/27.4.1",
    "requester": "/home/udit/CodingProjects/taskr",
    "status": "resolved"
  },
  "37 debug pnpm:progress": {
    "packageId": "registry.npmjs.org/@types/react/18.0.6",
    "requester": "/home/udit/CodingProjects/taskr",
    "status": "found_in_store"
  },
  "38 debug pnpm:progress": {
    "packageId": "registry.npmjs.org/@types/react/18.0.6",
    "requester": "/home/udit/CodingProjects/taskr",
    "status": "resolved"
  },
  "39 debug pnpm:progress": {
    "packageId": "registry.npmjs.org/@types/react-native/0.67.5",
    "requester": "/home/udit/CodingProjects/taskr",
    "status": "found_in_store"
  },
  "40 debug pnpm:progress": {
    "packageId": "registry.npmjs.org/@types/react-native/0.67.5",
    "requester": "/home/udit/CodingProjects/taskr",
    "status": "resolved"
  },
  "41 debug pnpm:progress": {
    "packageId": "registry.npmjs.org/@types/react-test-renderer/18.0.0",
    "requester": "/home/udit/CodingProjects/taskr",
    "status": "found_in_store"
  },
  "42 debug pnpm:progress": {
    "packageId": "registry.npmjs.org/@types/react-test-renderer/18.0.0",
    "requester": "/home/udit/CodingProjects/taskr",
    "status": "resolved"
  },
  "43 debug pnpm:progress": {
    "packageId": "registry.npmjs.org/react/17.0.2",
    "requester": "/home/udit/CodingProjects/taskr",
    "status": "found_in_store"
  },
  "44 debug pnpm:progress": {
    "packageId": "registry.npmjs.org/react/17.0.2",
    "requester": "/home/udit/CodingProjects/taskr",
    "status": "resolved"
  },
  "45 debug pnpm:progress": {
    "packageId": "registry.npmjs.org/typescript/4.6.3",
    "requester": "/home/udit/CodingProjects/taskr",
    "status": "found_in_store"
  },
  "46 debug pnpm:progress": {
    "packageId": "registry.npmjs.org/typescript/4.6.3",
    "requester": "/home/udit/CodingProjects/taskr",
    "status": "resolved"
  },
  "47 debug pnpm:progress": {
    "packageId": "registry.npmjs.org/react-native/0.68.1",
    "requester": "/home/udit/CodingProjects/taskr",
    "status": "found_in_store"
  },
  "48 debug pnpm:progress": {
    "packageId": "registry.npmjs.org/react-native/0.68.1",
    "requester": "/home/udit/CodingProjects/taskr",
    "status": "resolved"
  },
  "49 debug pnpm:_dependency_resolved": {
    "resolution": "registry.npmjs.org/expo-status-bar/1.2.0",
    "wanted": {
      "dependentId": ".",
      "name": "expo-status-bar",
      "rawSpec": "latest"
    }
  },
  "50 debug pnpm:progress": {
    "packageId": "registry.npmjs.org/expo-status-bar/1.2.0",
    "requester": "/home/udit/CodingProjects/taskr",
    "status": "resolved"
  },
  "51 debug pnpm:progress": {
    "packageId": "registry.npmjs.org/expo-status-bar/1.2.0",
    "requester": "/home/udit/CodingProjects/taskr",
    "status": "found_in_store"
  },
  "52 debug pnpm:_dependency_resolved": {
    "resolution": "registry.npmjs.org/react-native-safe-area-context/4.2.4",
    "wanted": {
      "dependentId": ".",
      "name": "react-native-safe-area-context",
      "rawSpec": "latest"
    }
  },
  "53 debug pnpm:progress": {
    "packageId": "registry.npmjs.org/react-native-safe-area-context/4.2.4",
    "requester": "/home/udit/CodingProjects/taskr",
    "status": "resolved"
  },
  "54 debug pnpm:fetching-progress": {
    "attempt": 1,
    "packageId": "registry.npmjs.org/react-native-safe-area-context/4.2.4",
    "size": 59302,
    "status": "started"
  },
  "55 debug pnpm:progress": {
    "packageId": "registry.npmjs.org/react-native-safe-area-context/4.2.4",
    "requester": "/home/udit/CodingProjects/taskr",
    "status": "fetched"
  },
  "56 error pnpm": {
    "code": "ERR_PNPM_FETCH_404",
    "hint": "@react-nativation/native is not in the npm registry, or you have no permission to fetch it.\n\nAn authorization header was used: Bearer 3914[hidden]",
    "request": {
      "authHeaderValue": "Bearer 3914ed13-2fc3-4139-9538-81cf1590d435",
      "url": "https://registry.npmjs.org/@react-nativation%2Fnative"
    },
    "response": {
      "size": 0
    },
    "pkgName": "@react-nativation/native",
    "pkgsStack": [],
    "err": {
      "name": "pnpm",
      "message": "GET https://registry.npmjs.org/@react-nativation%2Fnative: Not Found - 404",
      "code": "ERR_PNPM_FETCH_404",
      "stack": "pnpm: GET https://registry.npmjs.org/@react-nativation%2Fnative: Not Found - 404\n    at RetryOperation._fn (/usr/local/share/.config/yarn/global/node_modules/pnpm/dist/pnpm.cjs:85709:19)\n    at runMicrotasks (<anonymous>)\n    at processTicksAndRejections (node:internal/process/task_queues:96:5)"
    }
  }
}